2013-08-26 15:42:17.557 HelloWorld[3736:c07] Multi-tasking -> Device: YES, App: YES
2013-08-26 15:42:17.664 HelloWorld[3736:c07] Resetting plugins due to page load.
2013-08-26 15:42:17.707 HelloWorld[3736:c07] Finished load of: file:///Users/ApigeeCorporation/Library/Application%20Support/iPhone%20Simulator/6.1/Applications/91F73E7D-0E36-4034-91ED-D21D272EAC79/HelloWorld.app/www/index.html
Terminating in response to SpringBoard's termination.
2013-08-26 16:01:44.484 HelloWorld[3973:c07] Multi-tasking -> Device: YES, App: YES
2013-08-26 16:01:44.540 HelloWorld[3973:c07] Resetting plugins due to page load.
2013-08-26 16:01:44.582 HelloWorld[3973:2703] ERROR whitelist rejection: url='http://code.jquery.com/mobile/1.1.1/jquery.mobile-1.1.1.min.css'
2013-08-26 16:01:44.583 HelloWorld[3973:2703] ERROR whitelist rejection: url='http://code.jquery.com/mobile/1.1.1/jquery.mobile-1.1.1.min.css'
2013-08-26 16:01:44.584 HelloWorld[3973:2703] ERROR whitelist rejection: url='http://code.jquery.com/mobile/1.1.1/jquery.mobile-1.1.1.min.css'
2013-08-26 16:01:44.585 HelloWorld[3973:2703] ERROR whitelist rejection: url='http://code.jquery.com/jquery-1.7.1.min.js'
2013-08-26 16:01:44.586 HelloWorld[3973:2703] ERROR whitelist rejection: url='http://code.jquery.com/jquery-1.7.1.min.js'
2013-08-26 16:01:44.586 HelloWorld[3973:2703] ERROR whitelist rejection: url='http://code.jquery.com/jquery-1.7.1.min.js'
2013-08-26 16:01:44.587 HelloWorld[3973:2703] ERROR whitelist rejection: url='http://code.jquery.com/mobile/1.1.1/jquery.mobile-1.1.1.min.js'
2013-08-26 16:01:44.588 HelloWorld[3973:2703] ERROR whitelist rejection: url='http://code.jquery.com/mobile/1.1.1/jquery.mobile-1.1.1.min.js'
2013-08-26 16:01:44.588 HelloWorld[3973:2703] ERROR whitelist rejection: url='http://code.jquery.com/mobile/1.1.1/jquery.mobile-1.1.1.min.js'
2013-08-26 16:01:44.589 HelloWorld[3973:2703] ERROR whitelist rejection: url='https://apigee.com/usergrid/sdk/usergrid.0.10.5.js'
2013-08-26 16:01:44.590 HelloWorld[3973:2703] ERROR whitelist rejection: url='https://apigee.com/usergrid/sdk/usergrid.0.10.5.js'
2013-08-26 16:01:44.590 HelloWorld[3973:2703] ERROR whitelist rejection: url='https://apigee.com/usergrid/sdk/usergrid.0.10.5.js'
2013-08-26 16:01:44.604 HelloWorld[3973:c07] Finished load of: file:///Users/ApigeeCorporation/Library/Application%20Support/iPhone%20Simulator/6.1/Applications/91F73E7D-0E36-4034-91ED-D21D272EAC79/HelloWorld.app/www/index.html
Terminating in response to SpringBoard's termination.
2013-08-26 16:03:47.002 HelloWorld[4323:c07] Multi-tasking -> Device: YES, App: YES
2013-08-26 16:03:47.057 HelloWorld[4323:c07] Resetting plugins due to page load.
2013-08-26 16:03:47.096 HelloWorld[4323:2803] ERROR whitelist rejection: url='http://code.jquery.com/mobile/1.1.1/jquery.mobile-1.1.1.min.css'
2013-08-26 16:03:47.101 HelloWorld[4323:2803] ERROR whitelist rejection: url='http://code.jquery.com/mobile/1.1.1/jquery.mobile-1.1.1.min.css'
2013-08-26 16:03:47.102 HelloWorld[4323:2803] ERROR whitelist rejection: url='http://code.jquery.com/mobile/1.1.1/jquery.mobile-1.1.1.min.css'
2013-08-26 16:03:47.103 HelloWorld[4323:2803] ERROR whitelist rejection: url='http://code.jquery.com/jquery-1.7.1.min.js'
2013-08-26 16:03:47.104 HelloWorld[4323:2803] ERROR whitelist rejection: url='http://code.jquery.com/jquery-1.7.1.min.js'
2013-08-26 16:03:47.104 HelloWorld[4323:2803] ERROR whitelist rejection: url='http://code.jquery.com/jquery-1.7.1.min.js'
2013-08-26 16:03:47.105 HelloWorld[4323:2803] ERROR whitelist rejection: url='http://code.jquery.com/mobile/1.1.1/jquery.mobile-1.1.1.min.js'
2013-08-26 16:03:47.106 HelloWorld[4323:2803] ERROR whitelist rejection: url='http://code.jquery.com/mobile/1.1.1/jquery.mobile-1.1.1.min.js'
2013-08-26 16:03:47.106 HelloWorld[4323:2803] ERROR whitelist rejection: url='http://code.jquery.com/mobile/1.1.1/jquery.mobile-1.1.1.min.js'
2013-08-26 16:03:47.107 HelloWorld[4323:2803] ERROR whitelist rejection: url='https://apigee.com/usergrid/sdk/usergrid.0.10.5.js'
2013-08-26 16:03:47.108 HelloWorld[4323:2803] ERROR whitelist rejection: url='https://apigee.com/usergrid/sdk/usergrid.0.10.5.js'
2013-08-26 16:03:47.108 HelloWorld[4323:2803] ERROR whitelist rejection: url='https://apigee.com/usergrid/sdk/usergrid.0.10.5.js'
2013-08-26 16:03:47.121 HelloWorld[4323:c07] Finished load of: file:///Users/ApigeeCorporation/Library/Application%20Support/iPhone%20Simulator/6.1/Applications/91F73E7D-0E36-4034-91ED-D21D272EAC79/HelloWorld.app/www/index.html
Terminating in response to SpringBoard's termination.
2013-08-26 16:05:00.269 HelloWorld[4667:c07] Multi-tasking -> Device: YES, App: YES
2013-08-26 16:05:00.293 HelloWorld[4667:c07] Resetting plugins due to page load.
2013-08-26 16:05:00.600 HelloWorld[4667:c07] Finished load of: file:///Users/ApigeeCorporation/Library/Application%20Support/iPhone%20Simulator/6.1/Applications/91F73E7D-0E36-4034-91ED-D21D272EAC79/HelloWorld.app/www/index.html
2013-08-26 16:05:54.894 HelloWorld[4986:c07] Multi-tasking -> Device: YES, App: YES
2013-08-26 16:05:54.953 HelloWorld[4986:c07] Resetting plugins due to page load.
2013-08-26 16:05:55.295 HelloWorld[4986:c07] Finished load of: file:///Users/ApigeeCorporation/Library/Application%20Support/iPhone%20Simulator/6.1/Applications/91F73E7D-0E36-4034-91ED-D21D272EAC79/HelloWorld.app/www/index.html
Terminating in response to SpringBoard's termination.
2013-08-26 16:06:51.527 HelloWorld[5181:c07] Multi-tasking -> Device: YES, App: YES
2013-08-26 16:06:51.551 HelloWorld[5181:c07] Resetting plugins due to page load.
2013-08-26 16:06:51.965 HelloWorld[5181:c07] Finished load of: file:///Users/ApigeeCorporation/Library/Application%20Support/iPhone%20Simulator/6.1/Applications/91F73E7D-0E36-4034-91ED-D21D272EAC79/HelloWorld.app/www/index.html
Terminating in response to SpringBoard's termination.
2013-08-26 16:07:11.111 HelloWorld[5520:c07] Multi-tasking -> Device: YES, App: YES
2013-08-26 16:07:11.136 HelloWorld[5520:c07] Resetting plugins due to page load.
2013-08-26 16:07:11.389 HelloWorld[5520:c07] Finished load of: file:///Users/ApigeeCorporation/Library/Application%20Support/iPhone%20Simulator/6.1/Applications/91F73E7D-0E36-4034-91ED-D21D272EAC79/HelloWorld.app/www/index.html
2013-08-26 16:07:52.639 HelloWorld[5837:c07] Multi-tasking -> Device: YES, App: YES
2013-08-26 16:07:52.698 HelloWorld[5837:c07] Resetting plugins due to page load.
2013-08-26 16:07:53.046 HelloWorld[5837:c07] Finished load of: file:///Users/ApigeeCorporation/Library/Application%20Support/iPhone%20Simulator/6.1/Applications/91F73E7D-0E36-4034-91ED-D21D272EAC79/HelloWorld.app/www/index.html
Terminating in response to SpringBoard's termination.
2013-08-26 16:08:20.274 HelloWorld[6174:c07] Multi-tasking -> Device: YES, App: YES
2013-08-26 16:08:20.330 HelloWorld[6174:c07] Resetting plugins due to page load.
2013-08-26 16:08:20.610 HelloWorld[6174:c07] Finished load of: file:///Users/ApigeeCorporation/Library/Application%20Support/iPhone%20Simulator/6.1/Applications/91F73E7D-0E36-4034-91ED-D21D272EAC79/HelloWorld.app/www/index.html
2013-08-26 16:08:43.017 HelloWorld[6489:c07] Multi-tasking -> Device: YES, App: YES
2013-08-26 16:08:43.075 HelloWorld[6489:c07] Resetting plugins due to page load.
2013-08-26 16:08:43.420 HelloWorld[6489:c07] Finished load of: file:///Users/ApigeeCorporation/Library/Application%20Support/iPhone%20Simulator/6.1/Applications/91F73E7D-0E36-4034-91ED-D21D272EAC79/HelloWorld.app/www/index.html
Terminating in response to SpringBoard's termination.
2013-08-26 16:09:26.324 HelloWorld[6827:c07] Multi-tasking -> Device: YES, App: YES
2013-08-26 16:09:26.375 HelloWorld[6827:c07] Resetting plugins due to page load.
2013-08-26 16:09:27.154 HelloWorld[6827:c07] Finished load of: file:///Users/ApigeeCorporation/Library/Application%20Support/iPhone%20Simulator/6.1/Applications/91F73E7D-0E36-4034-91ED-D21D272EAC79/HelloWorld.app/www/index.html
2013-08-26 16:10:37.991 HelloWorld[7149:c07] Multi-tasking -> Device: YES, App: YES
2013-08-26 16:10:38.048 HelloWorld[7149:c07] Resetting plugins due to page load.
2013-08-26 16:10:38.415 HelloWorld[7149:c07] Finished load of: file:///Users/ApigeeCorporation/Library/Application%20Support/iPhone%20Simulator/6.1/Applications/91F73E7D-0E36-4034-91ED-D21D272EAC79/HelloWorld.app/www/index.html
Terminating in response to SpringBoard's termination.
2013-08-26 16:10:51.504 HelloWorld[7486:c07] Multi-tasking -> Device: YES, App: YES
2013-08-26 16:10:51.533 HelloWorld[7486:c07] Resetting plugins due to page load.
2013-08-26 16:10:51.785 HelloWorld[7486:c07] Finished load of: file:///Users/ApigeeCorporation/Library/Application%20Support/iPhone%20Simulator/6.1/Applications/91F73E7D-0E36-4034-91ED-D21D272EAC79/HelloWorld.app/www/index.html
Terminating in response to SpringBoard's termination.
2013-08-26 16:11:50.795 HelloWorld[7831:c07] Multi-tasking -> Device: YES, App: YES
2013-08-26 16:11:50.849 HelloWorld[7831:c07] Resetting plugins due to page load.
2013-08-26 16:11:52.873 HelloWorld[7831:c07] Finished load of: file:///Users/ApigeeCorporation/Library/Application%20Support/iPhone%20Simulator/6.1/Applications/91F73E7D-0E36-4034-91ED-D21D272EAC79/HelloWorld.app/www/index.html
Terminating in response to SpringBoard's termination.
2013-08-26 16:12:24.882 HelloWorld[8175:c07] Multi-tasking -> Device: YES, App: YES
2013-08-26 16:12:24.934 HelloWorld[8175:c07] Resetting plugins due to page load.
2013-08-26 16:12:25.315 HelloWorld[8175:c07] Finished load of: file:///Users/ApigeeCorporation/Library/Application%20Support/iPhone%20Simulator/6.1/Applications/91F73E7D-0E36-4034-91ED-D21D272EAC79/HelloWorld.app/www/index.html
Terminating in response to SpringBoard's termination.
2013-08-26 16:13:46.477 HelloWorld[8518:c07] Multi-tasking -> Device: YES, App: YES
2013-08-26 16:13:46.528 HelloWorld[8518:c07] Resetting plugins due to page load.
2013-08-26 16:13:46.902 HelloWorld[8518:c07] Finished load of: file:///Users/ApigeeCorporation/Library/Application%20Support/iPhone%20Simulator/6.1/Applications/91F73E7D-0E36-4034-91ED-D21D272EAC79/HelloWorld.app/www/index.html
Terminating in response to SpringBoard's termination.
2013-08-26 16:14:47.185 HelloWorld[8859:c07] Multi-tasking -> Device: YES, App: YES
2013-08-26 16:14:47.210 HelloWorld[8859:c07] Resetting plugins due to page load.
2013-08-26 16:14:47.513 HelloWorld[8859:c07] Finished load of: file:///Users/ApigeeCorporation/Library/Application%20Support/iPhone%20Simulator/6.1/Applications/91F73E7D-0E36-4034-91ED-D21D272EAC79/HelloWorld.app/www/index.html
Terminating in response to SpringBoard's termination.
2013-08-26 16:15:05.489 HelloWorld[9199:c07] Multi-tasking -> Device: YES, App: YES
2013-08-26 16:15:05.544 HelloWorld[9199:c07] Resetting plugins due to page load.
2013-08-26 16:15:05.818 HelloWorld[9199:c07] Finished load of: file:///Users/ApigeeCorporation/Library/Application%20Support/iPhone%20Simulator/6.1/Applications/91F73E7D-0E36-4034-91ED-D21D272EAC79/HelloWorld.app/www/index.html
Terminating in response to SpringBoard's termination.
2013-08-26 16:15:38.656 HelloWorld[9541:c07] Multi-tasking -> Device: YES, App: YES
2013-08-26 16:15:38.719 HelloWorld[9541:c07] Resetting plugins due to page load.
2013-08-26 16:15:39.079 HelloWorld[9541:c07] Finished load of: file:///Users/ApigeeCorporation/Library/Application%20Support/iPhone%20Simulator/6.1/Applications/91F73E7D-0E36-4034-91ED-D21D272EAC79/HelloWorld.app/www/index.html
Terminating in response to SpringBoard's termination.
2013-08-26 16:16:34.876 HelloWorld[9883:c07] Multi-tasking -> Device: YES, App: YES
2013-08-26 16:16:34.927 HelloWorld[9883:c07] Resetting plugins due to page load.
2013-08-26 16:16:36.639 HelloWorld[9883:c07] Finished load of: file:///Users/ApigeeCorporation/Library/Application%20Support/iPhone%20Simulator/6.1/Applications/91F73E7D-0E36-4034-91ED-D21D272EAC79/HelloWorld.app/www/index.html
Terminating in response to SpringBoard's termination.
2013-08-26 16:17:20.500 HelloWorld[10223:c07] Multi-tasking -> Device: YES, App: YES
2013-08-26 16:17:20.566 HelloWorld[10223:c07] Resetting plugins due to page load.
2013-08-26 16:17:23.126 HelloWorld[10223:c07] Finished load of: file:///Users/ApigeeCorporation/Library/Application%20Support/iPhone%20Simulator/6.1/Applications/91F73E7D-0E36-4034-91ED-D21D272EAC79/HelloWorld.app/www/index.html
Terminating in response to SpringBoard's termination.
2013-08-26 16:20:09.450 HelloWorld[10572:c07] Multi-tasking -> Device: YES, App: YES
2013-08-26 16:20:09.514 HelloWorld[10572:c07] Resetting plugins due to page load.
2013-08-26 16:20:09.811 HelloWorld[10572:c07] Finished load of: file:///Users/ApigeeCorporation/Library/Application%20Support/iPhone%20Simulator/6.1/Applications/91F73E7D-0E36-4034-91ED-D21D272EAC79/HelloWorld.app/www/index.html
Terminating in response to SpringBoard's termination.
2013-08-26 16:22:51.670 HelloWorld[11039:c07] Multi-tasking -> Device: YES, App: YES
2013-08-26 16:22:51.720 HelloWorld[11039:c07] Resetting plugins due to page load.
2013-08-26 16:22:52.286 HelloWorld[11039:c07] Finished load of: file:///Users/ApigeeCorporation/Library/Application%20Support/iPhone%20Simulator/6.1/Applications/91F73E7D-0E36-4034-91ED-D21D272EAC79/HelloWorld.app/www/index.html
Terminating in response to SpringBoard's termination.
